{"total": {"lines":{"total":176,"covered":41,"skipped":0,"pct":23.29},"statements":{"total":201,"covered":45,"skipped":0,"pct":22.38},"functions":{"total":69,"covered":12,"skipped":0,"pct":17.39},"branches":{"total":91,"covered":12,"skipped":0,"pct":13.18},"branchesTrue":{"total":0,"covered":0,"skipped":0,"pct":100}}
,"/Users/a58/Desktop/coupon-list-demo/src/App.vue": {"lines":{"total":75,"covered":0,"skipped":0,"pct":0},"functions":{"total":37,"covered":0,"skipped":0,"pct":0},"statements":{"total":94,"covered":0,"skipped":0,"pct":0},"branches":{"total":44,"covered":0,"skipped":0,"pct":0}}
,"/Users/a58/Desktop/coupon-list-demo/src/components/CouponInfoCard.vue": {"lines":{"total":26,"covered":0,"skipped":0,"pct":0},"functions":{"total":10,"covered":0,"skipped":0,"pct":0},"statements":{"total":27,"covered":0,"skipped":0,"pct":0},"branches":{"total":17,"covered":0,"skipped":0,"pct":0}}
,"/Users/a58/Desktop/coupon-list-demo/src/components/ExchangeCoupon.vue": {"lines":{"total":23,"covered":0,"skipped":0,"pct":0},"functions":{"total":7,"covered":0,"skipped":0,"pct":0},"statements":{"total":24,"covered":0,"skipped":0,"pct":0},"branches":{"total":12,"covered":0,"skipped":0,"pct":0}}
,"/Users/a58/Desktop/coupon-list-demo/src/components/TopNavbar.vue": {"lines":{"total":10,"covered":0,"skipped":0,"pct":0},"functions":{"total":2,"covered":0,"skipped":0,"pct":0},"statements":{"total":10,"covered":0,"skipped":0,"pct":0},"branches":{"total":4,"covered":0,"skipped":0,"pct":0}}
,"/Users/a58/Desktop/coupon-list-demo/src/configs/const.js": {"lines":{"total":2,"covered":2,"skipped":0,"pct":100},"functions":{"total":0,"covered":0,"skipped":0,"pct":100},"statements":{"total":2,"covered":2,"skipped":0,"pct":100},"branches":{"total":0,"covered":0,"skipped":0,"pct":100}}
,"/Users/a58/Desktop/coupon-list-demo/src/mock/couponData.js": {"lines":{"total":11,"covered":11,"skipped":0,"pct":100},"functions":{"total":4,"covered":4,"skipped":0,"pct":100},"statements":{"total":13,"covered":13,"skipped":0,"pct":100},"branches":{"total":5,"covered":3,"skipped":0,"pct":60}}
,"/Users/a58/Desktop/coupon-list-demo/src/utils/storageUtil.js": {"lines":{"total":10,"covered":10,"skipped":0,"pct":100},"functions":{"total":3,"covered":3,"skipped":0,"pct":100},"statements":{"total":10,"covered":10,"skipped":0,"pct":100},"branches":{"total":2,"covered":2,"skipped":0,"pct":100}}
,"/Users/a58/Desktop/coupon-list-demo/src/utils/toast.js": {"lines":{"total":11,"covered":11,"skipped":0,"pct":100},"functions":{"total":3,"covered":3,"skipped":0,"pct":100},"statements":{"total":13,"covered":13,"skipped":0,"pct":100},"branches":{"total":3,"covered":3,"skipped":0,"pct":100}}
,"/Users/a58/Desktop/coupon-list-demo/src/utils/urlUtil.js": {"lines":{"total":8,"covered":7,"skipped":0,"pct":87.5},"functions":{"total":3,"covered":2,"skipped":0,"pct":66.66},"statements":{"total":8,"covered":7,"skipped":0,"pct":87.5},"branches":{"total":4,"covered":4,"skipped":0,"pct":100}}
}
