TN:
SF:src/App.vue
FN:2,_regeneratorDefine2
FN:2,_regeneratorDefine
FN:2,o
FN:2,(anonymous_3)
FN:3,asyncGeneratorStep
FN:4,_asyncToGenerator
FN:4,(anonymous_6)
FN:4,(anonymous_7)
FN:4,_next
FN:4,_throw
FN:22,setup
FN:39,(anonymous_11)
FN:42,_callee
FN:56,initPage
FN:62,(anonymous_14)
FN:65,_callee2
FN:79,handleRefresh
FN:85,(anonymous_17)
FN:88,_callee3
FN:132,queryCouponList
FN:138,(anonymous_20)
FN:141,_callee4
FN:187,queryCouponByCode
FN:191,findSelectedCoupon
FN:193,(anonymous_24)
FN:205,(anonymous_25)
FN:208,_callee5
FN:228,handleExchangeClick
FN:232,handleTopNavBack
FN:239,handleCancelCouponClick
FN:241,(anonymous_30)
FN:248,handleGoBackToPayClick
FN:272,(anonymous_32)
FN:299,render
FN:339,(anonymous_34)
FN:350,(anonymous_35)
FN:353,(anonymous_36)
FNF:37
FNH:0
FNDA:0,_regeneratorDefine2
FNDA:0,_regeneratorDefine
FNDA:0,o
FNDA:0,(anonymous_3)
FNDA:0,asyncGeneratorStep
FNDA:0,_asyncToGenerator
FNDA:0,(anonymous_6)
FNDA:0,(anonymous_7)
FNDA:0,_next
FNDA:0,_throw
FNDA:0,setup
FNDA:0,(anonymous_11)
FNDA:0,_callee
FNDA:0,initPage
FNDA:0,(anonymous_14)
FNDA:0,_callee2
FNDA:0,handleRefresh
FNDA:0,(anonymous_17)
FNDA:0,_callee3
FNDA:0,queryCouponList
FNDA:0,(anonymous_20)
FNDA:0,_callee4
FNDA:0,queryCouponByCode
FNDA:0,findSelectedCoupon
FNDA:0,(anonymous_24)
FNDA:0,(anonymous_25)
FNDA:0,_callee5
FNDA:0,handleExchangeClick
FNDA:0,handleTopNavBack
FNDA:0,handleCancelCouponClick
FNDA:0,(anonymous_30)
FNDA:0,handleGoBackToPayClick
FNDA:0,(anonymous_32)
FNDA:0,render
FNDA:0,(anonymous_34)
FNDA:0,(anonymous_35)
FNDA:0,(anonymous_36)
DA:2,0
DA:3,0
DA:4,0
DA:23,0
DA:24,0
DA:27,0
DA:28,0
DA:29,0
DA:30,0
DA:31,0
DA:32,0
DA:33,0
DA:34,0
DA:35,0
DA:36,0
DA:39,0
DA:40,0
DA:56,0
DA:57,0
DA:62,0
DA:63,0
DA:79,0
DA:80,0
DA:85,0
DA:86,0
DA:132,0
DA:133,0
DA:138,0
DA:139,0
DA:187,0
DA:188,0
DA:191,0
DA:192,0
DA:193,0
DA:198,0
DA:199,0
DA:200,0
DA:205,0
DA:206,0
DA:228,0
DA:229,0
DA:232,0
DA:233,0
DA:234,0
DA:236,0
DA:239,0
DA:240,0
DA:241,0
DA:242,0
DA:245,0
DA:248,0
DA:253,0
DA:255,0
DA:259,0
DA:263,0
DA:264,0
DA:265,0
DA:266,0
DA:267,0
DA:272,0
DA:273,0
DA:275,0
DA:276,0
DA:298,0
DA:299,0
DA:300,0
DA:301,0
DA:302,0
DA:340,0
DA:351,0
DA:354,0
DA:397,0
DA:398,0
DA:400,0
DA:401,0
LF:75
LH:0
BRDA:2,0,0,0
BRDA:2,0,1,0
BRDA:2,1,0,0
BRDA:2,1,1,0
BRDA:3,2,0,0
BRDA:3,2,1,0
BRDA:31,3,0,0
BRDA:31,3,1,0
BRDA:32,4,0,0
BRDA:32,4,1,0
BRDA:33,5,0,0
BRDA:33,5,1,0
BRDA:192,6,0,0
BRDA:192,6,1,0
BRDA:198,7,0,0
BRDA:198,7,1,0
BRDA:233,8,0,0
BRDA:233,8,1,0
BRDA:253,9,0,0
BRDA:253,9,1,0
BRDA:256,10,0,0
BRDA:256,10,1,0
BRDA:261,11,0,0
BRDA:261,11,1,0
BRDA:263,12,0,0
BRDA:263,12,1,0
BRDA:269,13,0,0
BRDA:269,13,1,0
BRDA:298,14,0,0
BRDA:298,14,1,0
BRDA:307,15,0,0
BRDA:307,15,1,0
BRDA:311,16,0,0
BRDA:311,16,1,0
BRDA:331,17,0,0
BRDA:331,17,1,0
BRDA:337,18,0,0
BRDA:337,18,1,0
BRDA:365,19,0,0
BRDA:365,19,1,0
BRDA:372,20,0,0
BRDA:372,20,1,0
BRDA:381,21,0,0
BRDA:381,21,1,0
BRF:44
BRH:0
end_of_record
TN:
SF:src/components/CouponInfoCard.vue
FN:9,_default
FN:38,setup
FN:41,handleGoPayClick
FN:46,handleSelectClick
FN:48,(anonymous_4)
FN:53,(anonymous_5)
FN:56,(anonymous_6)
FN:64,(anonymous_7)
FN:80,render
FN:133,(anonymous_9)
FNF:10
FNH:0
FNDA:0,_default
FNDA:0,setup
FNDA:0,handleGoPayClick
FNDA:0,handleSelectClick
FNDA:0,(anonymous_4)
FNDA:0,(anonymous_5)
FNDA:0,(anonymous_6)
FNDA:0,(anonymous_7)
FNDA:0,render
FNDA:0,(anonymous_9)
DA:41,0
DA:42,0
DA:43,0
DA:44,0
DA:46,0
DA:47,0
DA:48,0
DA:49,0
DA:50,0
DA:53,0
DA:54,0
DA:56,0
DA:61,0
DA:64,0
DA:70,0
DA:79,0
DA:80,0
DA:81,0
DA:82,0
DA:83,0
DA:134,0
DA:135,0
DA:142,0
DA:143,0
DA:145,0
DA:146,0
LF:26
LH:0
BRDA:42,0,0,0
BRDA:42,0,1,0
BRDA:61,1,0,0
BRDA:61,1,1,0
BRDA:61,2,0,0
BRDA:61,3,0,0
BRDA:61,3,1,0
BRDA:79,4,0,0
BRDA:79,4,1,0
BRDA:87,5,0,0
BRDA:87,5,1,0
BRDA:95,6,0,0
BRDA:95,6,1,0
BRDA:122,7,0,0
BRDA:122,7,1,0
BRDA:130,8,0,0
BRDA:130,8,1,0
BRF:17
BRH:0
end_of_record
TN:
SF:src/components/ExchangeCoupon.vue
FN:13,setup
FN:17,handleCodeInput
FN:20,handleExchangeClick
FN:27,(anonymous_3)
FN:31,(anonymous_4)
FN:44,render
FN:63,(anonymous_6)
FNF:7
FNH:0
FNDA:0,setup
FNDA:0,handleCodeInput
FNDA:0,handleExchangeClick
FNDA:0,(anonymous_3)
FNDA:0,(anonymous_4)
FNDA:0,render
FNDA:0,(anonymous_6)
DA:16,0
DA:17,0
DA:18,0
DA:20,0
DA:21,0
DA:22,0
DA:23,0
DA:25,0
DA:27,0
DA:32,0
DA:33,0
DA:36,0
DA:43,0
DA:44,0
DA:45,0
DA:46,0
DA:47,0
DA:64,0
DA:65,0
DA:86,0
DA:87,0
DA:89,0
DA:90,0
LF:23
LH:0
BRDA:18,0,0,0
BRDA:18,0,1,0
BRDA:21,1,0,0
BRDA:21,1,1,0
BRDA:32,2,0,0
BRDA:32,2,1,0
BRDA:43,3,0,0
BRDA:43,3,1,0
BRDA:64,4,0,0
BRDA:64,4,1,0
BRDA:78,5,0,0
BRDA:78,5,1,0
BRF:12
BRH:0
end_of_record
TN:
SF:src/components/TopNavbar.vue
FN:20,render
FN:30,(anonymous_1)
FNF:2
FNH:0
FNDA:0,render
FNDA:0,(anonymous_1)
DA:19,0
DA:20,0
DA:21,0
DA:22,0
DA:23,0
DA:31,0
DA:67,0
DA:68,0
DA:70,0
DA:71,0
LF:10
LH:0
BRDA:19,0,0,0
BRDA:19,0,1,0
BRDA:23,1,0,0
BRDA:23,1,1,0
BRF:4
BRH:0
end_of_record
TN:
SF:src/configs/const.js
FNF:0
FNH:0
DA:6,1
DA:9,1
LF:2
LH:2
BRF:0
BRH:0
end_of_record
TN:
SF:src/mock/couponData.js
FN:59,(anonymous_0)
FN:59,(anonymous_1)
FN:64,(anonymous_2)
FN:77,(anonymous_3)
FNF:4
FNH:4
FNDA:5,(anonymous_0)
FNDA:5,(anonymous_1)
FNDA:3,(anonymous_2)
FNDA:2,(anonymous_3)
DA:5,1
DA:59,5
DA:64,1
DA:65,3
DA:67,3
DA:77,1
DA:78,2
DA:80,2
DA:83,2
DA:84,1
DA:91,1
LF:11
LH:11
BRDA:59,0,0,0
BRDA:64,1,0,2
BRDA:77,2,0,0
BRDA:83,3,0,1
BRDA:83,3,1,1
BRF:5
BRH:3
end_of_record
TN:
SF:src/utils/storageUtil.js
FN:5,(anonymous_0)
FN:13,(anonymous_1)
FN:21,(anonymous_2)
FNF:3
FNH:3
FNDA:3,(anonymous_0)
FNDA:2,(anonymous_1)
FNDA:2,(anonymous_2)
DA:5,1
DA:6,3
DA:7,3
DA:9,1
DA:13,1
DA:14,2
DA:15,2
DA:21,1
DA:22,2
DA:23,2
LF:10
LH:10
BRDA:7,0,0,3
BRDA:7,0,1,1
BRF:2
BRH:2
end_of_record
TN:
SF:src/utils/toast.js
FN:5,(anonymous_0)
FN:29,(anonymous_1)
FN:31,(anonymous_2)
FNF:3
FNH:3
FNDA:5,(anonymous_0)
FNDA:2,(anonymous_1)
FNDA:2,(anonymous_2)
DA:5,1
DA:6,5
DA:8,5
DA:10,5
DA:12,5
DA:13,5
DA:14,5
DA:28,5
DA:29,5
DA:30,2
DA:31,2
LF:11
LH:11
BRDA:5,0,0,4
BRDA:8,1,0,1
BRDA:8,1,1,4
BRF:3
BRH:3
end_of_record
TN:
SF:src/utils/urlUtil.js
FN:8,(anonymous_0)
FN:17,(anonymous_1)
FN:24,(anonymous_2)
FNF:3
FNH:2
FNDA:4,(anonymous_0)
FNDA:0,(anonymous_1)
FNDA:2,(anonymous_2)
DA:8,1
DA:9,4
DA:11,4
DA:17,1
DA:18,0
DA:24,1
DA:25,2
DA:26,1
LF:8
LH:7
BRDA:11,0,0,4
BRDA:11,0,1,2
BRDA:25,1,0,1
BRDA:25,1,1,1
BRF:4
BRH:4
end_of_record
